{"name":"hexo","hostname":"DESKTOP-M326N5G","pid":19196,"level":20,"msg":"Writing database to F:\\win10\\blog/db.json","time":"2020-05-07T09:12:48.798Z","v":0}
{"name":"hexo","hostname":"DESKTOP-M326N5G","pid":19196,"level":20,"msg":"Hexo version: \u001b[35m4.2.0\u001b[39m","time":"2020-05-07T09:12:48.850Z","v":0}
{"name":"hexo","hostname":"DESKTOP-M326N5G","pid":19196,"level":20,"msg":"Working directory: \u001b[35mF:\\win10\\blog\\\u001b[39m","time":"2020-05-07T09:12:48.866Z","v":0}
{"name":"hexo","hostname":"DESKTOP-M326N5G","pid":19196,"level":20,"msg":"Config loaded: \u001b[35mF:\\win10\\blog\\_config.yml\u001b[39m","time":"2020-05-07T09:12:50.375Z","v":0}
{"name":"hexo","hostname":"DESKTOP-M326N5G","pid":19196,"level":20,"msg":"Plugin loaded: \u001b[35mhexo-deployer-git\u001b[39m","time":"2020-05-07T09:12:50.801Z","v":0}
{"name":"hexo","hostname":"DESKTOP-M326N5G","pid":19196,"level":20,"msg":"Plugin loaded: \u001b[35mhexo-generator-archive\u001b[39m","time":"2020-05-07T09:12:50.853Z","v":0}
{"name":"hexo","hostname":"DESKTOP-M326N5G","pid":19196,"level":20,"msg":"Plugin loaded: \u001b[35mhexo-generator-baidu-sitemap\u001b[39m","time":"2020-05-07T09:12:51.010Z","v":0}
{"name":"hexo","hostname":"DESKTOP-M326N5G","pid":19196,"level":20,"msg":"Plugin loaded: \u001b[35mhexo-generator-category\u001b[39m","time":"2020-05-07T09:12:51.023Z","v":0}
{"name":"hexo","hostname":"DESKTOP-M326N5G","pid":19196,"level":20,"msg":"Plugin loaded: \u001b[35mhexo-generator-seo-friendly-sitemap\u001b[39m","time":"2020-05-07T09:12:51.394Z","v":0}
{"name":"hexo","hostname":"DESKTOP-M326N5G","pid":19196,"level":20,"msg":"Plugin loaded: \u001b[35mhexo-generator-index\u001b[39m","time":"2020-05-07T09:12:51.403Z","v":0}
{"name":"hexo","hostname":"DESKTOP-M326N5G","pid":19196,"level":20,"msg":"Plugin loaded: \u001b[35mhexo-generator-search\u001b[39m","time":"2020-05-07T09:12:51.425Z","v":0}
{"name":"hexo","hostname":"DESKTOP-M326N5G","pid":19196,"level":20,"msg":"Plugin loaded: \u001b[35mhexo-generator-sitemap\u001b[39m","time":"2020-05-07T09:12:51.517Z","v":0}
{"name":"hexo","hostname":"DESKTOP-M326N5G","pid":19196,"level":20,"msg":"Plugin loaded: \u001b[35mhexo-generator-tag\u001b[39m","time":"2020-05-07T09:12:51.541Z","v":0}
{"name":"hexo","hostname":"DESKTOP-M326N5G","pid":19196,"level":20,"msg":"Plugin loaded: \u001b[35mhexo-renderer-ejs\u001b[39m","time":"2020-05-07T09:12:51.554Z","v":0}
{"name":"hexo","hostname":"DESKTOP-M326N5G","pid":19196,"level":20,"msg":"Plugin loaded: \u001b[35mhexo-renderer-mathjax\u001b[39m","time":"2020-05-07T09:12:51.651Z","v":0}
{"name":"hexo","hostname":"DESKTOP-M326N5G","pid":19196,"level":20,"msg":"Plugin loaded: \u001b[35mhexo-renderer-stylus\u001b[39m","time":"2020-05-07T09:12:53.516Z","v":0}
{"name":"hexo","hostname":"DESKTOP-M326N5G","pid":19196,"level":20,"msg":"Plugin loaded: \u001b[35mhexo-wordcount\u001b[39m","time":"2020-05-07T09:12:53.521Z","v":0}
{"name":"hexo","hostname":"DESKTOP-M326N5G","pid":19196,"level":20,"msg":"Plugin loaded: \u001b[35mhexo-server\u001b[39m","time":"2020-05-07T09:12:55.431Z","v":0}
{"name":"hexo","hostname":"DESKTOP-M326N5G","pid":19196,"level":20,"msg":"Plugin loaded: \u001b[35mhexo-renderer-kramed\u001b[39m","time":"2020-05-07T09:12:56.055Z","v":0}
{"name":"hexo","hostname":"DESKTOP-M326N5G","pid":19196,"level":30,"msg":"Deploying: \u001b[35mgit\u001b[39m","time":"2020-05-07T09:12:56.062Z","v":0}
{"name":"hexo","hostname":"DESKTOP-M326N5G","pid":19196,"level":30,"msg":"Clearing .deploy_git folder...","time":"2020-05-07T09:12:56.169Z","v":0}
{"name":"hexo","hostname":"DESKTOP-M326N5G","pid":19196,"level":30,"msg":"Copying files from public folder...","time":"2020-05-07T09:12:56.465Z","v":0}
{"name":"hexo","hostname":"DESKTOP-M326N5G","pid":19196,"level":30,"msg":"Copying files from extend dirs...","time":"2020-05-07T09:12:58.542Z","v":0}
{"name":"hexo","hostname":"DESKTOP-M326N5G","pid":19196,"level":60,"err":{"message":"Cannot read property 'url' of null","name":"TypeError","stack":"TypeError: Cannot read property 'url' of null\n    at parseObjRepo (F:\\win10\\blog\\node_modules\\hexo-deployer-git\\lib\\parse_config.js:8:18)\n    at keys.map.key (F:\\win10\\blog\\node_modules\\hexo-deployer-git\\lib\\parse_config.js:100:12)\n    at Array.map (<anonymous>)\n    at module.exports (F:\\win10\\blog\\node_modules\\hexo-deployer-git\\lib\\parse_config.js:93:15)\n    at fs.exists.then.then.then.then.then (F:\\win10\\blog\\node_modules\\hexo-deployer-git\\lib\\deployer.js:145:12)\n    at tryCatcher (F:\\win10\\blog\\node_modules\\bluebird\\js\\release\\util.js:16:23)\n    at Promise._settlePromiseFromHandler (F:\\win10\\blog\\node_modules\\bluebird\\js\\release\\promise.js:547:31)\n    at Promise._settlePromise (F:\\win10\\blog\\node_modules\\bluebird\\js\\release\\promise.js:604:18)\n    at Promise._settlePromise0 (F:\\win10\\blog\\node_modules\\bluebird\\js\\release\\promise.js:649:10)\n    at Promise._settlePromises (F:\\win10\\blog\\node_modules\\bluebird\\js\\release\\promise.js:729:18)\n    at Promise._fulfill (F:\\win10\\blog\\node_modules\\bluebird\\js\\release\\promise.js:673:18)\n    at Promise._resolveCallback (F:\\win10\\blog\\node_modules\\bluebird\\js\\release\\promise.js:466:57)\n    at Promise._settlePromiseFromHandler (F:\\win10\\blog\\node_modules\\bluebird\\js\\release\\promise.js:559:17)\n    at Promise._settlePromise (F:\\win10\\blog\\node_modules\\bluebird\\js\\release\\promise.js:604:18)\n    at Promise._settlePromise0 (F:\\win10\\blog\\node_modules\\bluebird\\js\\release\\promise.js:649:10)\n    at Promise._settlePromises (F:\\win10\\blog\\node_modules\\bluebird\\js\\release\\promise.js:729:18)\n    at Promise._fulfill (F:\\win10\\blog\\node_modules\\bluebird\\js\\release\\promise.js:673:18)\n    at Promise._resolveCallback (F:\\win10\\blog\\node_modules\\bluebird\\js\\release\\promise.js:466:57)\n    at ReductionPromiseArray._resolve (F:\\win10\\blog\\node_modules\\bluebird\\js\\release\\reduce.js:60:19)\n    at Promise.completed [as _fulfillmentHandler0] (F:\\win10\\blog\\node_modules\\bluebird\\js\\release\\reduce.js:133:15)\n    at Promise._settlePromise (F:\\win10\\blog\\node_modules\\bluebird\\js\\release\\promise.js:601:21)\n    at Promise._settlePromise0 (F:\\win10\\blog\\node_modules\\bluebird\\js\\release\\promise.js:649:10)\n    at Promise._settlePromises (F:\\win10\\blog\\node_modules\\bluebird\\js\\release\\promise.js:729:18)\n    at _drainQueueStep (F:\\win10\\blog\\node_modules\\bluebird\\js\\release\\async.js:93:12)\n    at _drainQueue (F:\\win10\\blog\\node_modules\\bluebird\\js\\release\\async.js:86:9)\n    at Async._drainQueues (F:\\win10\\blog\\node_modules\\bluebird\\js\\release\\async.js:102:5)\n    at Immediate.Async.drainQueues [as _onImmediate] (F:\\win10\\blog\\node_modules\\bluebird\\js\\release\\async.js:15:14)\n    at runCallback (timers.js:705:18)"},"msg":"Something's wrong. Maybe you can find the solution here: \u001b[4mhttps://hexo.io/docs/troubleshooting.html\u001b[24m","time":"2020-05-07T09:12:58.548Z","v":0}
{"name":"hexo","hostname":"DESKTOP-M326N5G","pid":11748,"level":20,"msg":"Writing database to F:\\win10\\blog/db.json","time":"2020-05-07T09:34:25.739Z","v":0}
{"name":"hexo","hostname":"DESKTOP-M326N5G","pid":11748,"level":20,"msg":"Hexo version: \u001b[35m4.2.0\u001b[39m","time":"2020-05-07T09:34:25.915Z","v":0}
{"name":"hexo","hostname":"DESKTOP-M326N5G","pid":11748,"level":20,"msg":"Working directory: \u001b[35mF:\\win10\\blog\\\u001b[39m","time":"2020-05-07T09:34:25.919Z","v":0}
{"name":"hexo","hostname":"DESKTOP-M326N5G","pid":11748,"level":20,"msg":"Config loaded: \u001b[35mF:\\win10\\blog\\_config.yml\u001b[39m","time":"2020-05-07T09:34:27.074Z","v":0}
{"name":"hexo","hostname":"DESKTOP-M326N5G","pid":11748,"level":20,"msg":"Plugin loaded: \u001b[35mhexo-deployer-git\u001b[39m","time":"2020-05-07T09:34:27.235Z","v":0}
{"name":"hexo","hostname":"DESKTOP-M326N5G","pid":11748,"level":20,"msg":"Plugin loaded: \u001b[35mhexo-generator-baidu-sitemap\u001b[39m","time":"2020-05-07T09:34:27.340Z","v":0}
{"name":"hexo","hostname":"DESKTOP-M326N5G","pid":11748,"level":20,"msg":"Plugin loaded: \u001b[35mhexo-generator-archive\u001b[39m","time":"2020-05-07T09:34:27.365Z","v":0}
{"name":"hexo","hostname":"DESKTOP-M326N5G","pid":11748,"level":20,"msg":"Plugin loaded: \u001b[35mhexo-generator-category\u001b[39m","time":"2020-05-07T09:34:27.387Z","v":0}
{"name":"hexo","hostname":"DESKTOP-M326N5G","pid":11748,"level":20,"msg":"Plugin loaded: \u001b[35mhexo-generator-seo-friendly-sitemap\u001b[39m","time":"2020-05-07T09:34:27.598Z","v":0}
{"name":"hexo","hostname":"DESKTOP-M326N5G","pid":11748,"level":20,"msg":"Plugin loaded: \u001b[35mhexo-generator-search\u001b[39m","time":"2020-05-07T09:34:27.615Z","v":0}
{"name":"hexo","hostname":"DESKTOP-M326N5G","pid":11748,"level":20,"msg":"Plugin loaded: \u001b[35mhexo-generator-index\u001b[39m","time":"2020-05-07T09:34:27.622Z","v":0}
{"name":"hexo","hostname":"DESKTOP-M326N5G","pid":11748,"level":20,"msg":"Plugin loaded: \u001b[35mhexo-generator-sitemap\u001b[39m","time":"2020-05-07T09:34:27.767Z","v":0}
{"name":"hexo","hostname":"DESKTOP-M326N5G","pid":11748,"level":20,"msg":"Plugin loaded: \u001b[35mhexo-renderer-kramed\u001b[39m","time":"2020-05-07T09:34:28.150Z","v":0}
{"name":"hexo","hostname":"DESKTOP-M326N5G","pid":11748,"level":20,"msg":"Plugin loaded: \u001b[35mhexo-generator-tag\u001b[39m","time":"2020-05-07T09:34:28.158Z","v":0}
{"name":"hexo","hostname":"DESKTOP-M326N5G","pid":11748,"level":20,"msg":"Plugin loaded: \u001b[35mhexo-renderer-stylus\u001b[39m","time":"2020-05-07T09:34:28.907Z","v":0}
{"name":"hexo","hostname":"DESKTOP-M326N5G","pid":11748,"level":20,"msg":"Plugin loaded: \u001b[35mhexo-renderer-mathjax\u001b[39m","time":"2020-05-07T09:34:28.970Z","v":0}
{"name":"hexo","hostname":"DESKTOP-M326N5G","pid":11748,"level":20,"msg":"Plugin loaded: \u001b[35mhexo-renderer-ejs\u001b[39m","time":"2020-05-07T09:34:28.976Z","v":0}
{"name":"hexo","hostname":"DESKTOP-M326N5G","pid":11748,"level":20,"msg":"Plugin loaded: \u001b[35mhexo-wordcount\u001b[39m","time":"2020-05-07T09:34:28.979Z","v":0}
{"name":"hexo","hostname":"DESKTOP-M326N5G","pid":11748,"level":20,"msg":"Plugin loaded: \u001b[35mhexo-server\u001b[39m","time":"2020-05-07T09:34:29.580Z","v":0}
{"name":"hexo","hostname":"DESKTOP-M326N5G","pid":11748,"level":30,"msg":"Deploying: \u001b[35mgit\u001b[39m","time":"2020-05-07T09:34:29.688Z","v":0}
{"name":"hexo","hostname":"DESKTOP-M326N5G","pid":11748,"level":30,"msg":"Clearing .deploy_git folder...","time":"2020-05-07T09:34:29.772Z","v":0}
{"name":"hexo","hostname":"DESKTOP-M326N5G","pid":11748,"level":30,"msg":"Copying files from public folder...","time":"2020-05-07T09:34:30.214Z","v":0}
{"name":"hexo","hostname":"DESKTOP-M326N5G","pid":11748,"level":30,"msg":"Copying files from extend dirs...","time":"2020-05-07T09:34:32.044Z","v":0}
{"name":"hexo","hostname":"DESKTOP-M326N5G","pid":11748,"level":60,"err":{"message":"Cannot read property 'url' of null","name":"TypeError","stack":"TypeError: Cannot read property 'url' of null\n    at parseObjRepo (F:\\win10\\blog\\node_modules\\hexo-deployer-git\\lib\\parse_config.js:8:18)\n    at keys.map.key (F:\\win10\\blog\\node_modules\\hexo-deployer-git\\lib\\parse_config.js:100:12)\n    at Array.map (<anonymous>)\n    at module.exports (F:\\win10\\blog\\node_modules\\hexo-deployer-git\\lib\\parse_config.js:93:15)\n    at fs.exists.then.then.then.then.then (F:\\win10\\blog\\node_modules\\hexo-deployer-git\\lib\\deployer.js:145:12)\n    at tryCatcher (F:\\win10\\blog\\node_modules\\bluebird\\js\\release\\util.js:16:23)\n    at Promise._settlePromiseFromHandler (F:\\win10\\blog\\node_modules\\bluebird\\js\\release\\promise.js:547:31)\n    at Promise._settlePromise (F:\\win10\\blog\\node_modules\\bluebird\\js\\release\\promise.js:604:18)\n    at Promise._settlePromise0 (F:\\win10\\blog\\node_modules\\bluebird\\js\\release\\promise.js:649:10)\n    at Promise._settlePromises (F:\\win10\\blog\\node_modules\\bluebird\\js\\release\\promise.js:729:18)\n    at Promise._fulfill (F:\\win10\\blog\\node_modules\\bluebird\\js\\release\\promise.js:673:18)\n    at Promise._resolveCallback (F:\\win10\\blog\\node_modules\\bluebird\\js\\release\\promise.js:466:57)\n    at Promise._settlePromiseFromHandler (F:\\win10\\blog\\node_modules\\bluebird\\js\\release\\promise.js:559:17)\n    at Promise._settlePromise (F:\\win10\\blog\\node_modules\\bluebird\\js\\release\\promise.js:604:18)\n    at Promise._settlePromise0 (F:\\win10\\blog\\node_modules\\bluebird\\js\\release\\promise.js:649:10)\n    at Promise._settlePromises (F:\\win10\\blog\\node_modules\\bluebird\\js\\release\\promise.js:729:18)\n    at Promise._fulfill (F:\\win10\\blog\\node_modules\\bluebird\\js\\release\\promise.js:673:18)\n    at Promise._resolveCallback (F:\\win10\\blog\\node_modules\\bluebird\\js\\release\\promise.js:466:57)\n    at ReductionPromiseArray._resolve (F:\\win10\\blog\\node_modules\\bluebird\\js\\release\\reduce.js:60:19)\n    at Promise.completed [as _fulfillmentHandler0] (F:\\win10\\blog\\node_modules\\bluebird\\js\\release\\reduce.js:133:15)\n    at Promise._settlePromise (F:\\win10\\blog\\node_modules\\bluebird\\js\\release\\promise.js:601:21)\n    at Promise._settlePromise0 (F:\\win10\\blog\\node_modules\\bluebird\\js\\release\\promise.js:649:10)\n    at Promise._settlePromises (F:\\win10\\blog\\node_modules\\bluebird\\js\\release\\promise.js:729:18)\n    at _drainQueueStep (F:\\win10\\blog\\node_modules\\bluebird\\js\\release\\async.js:93:12)\n    at _drainQueue (F:\\win10\\blog\\node_modules\\bluebird\\js\\release\\async.js:86:9)\n    at Async._drainQueues (F:\\win10\\blog\\node_modules\\bluebird\\js\\release\\async.js:102:5)\n    at Immediate.Async.drainQueues [as _onImmediate] (F:\\win10\\blog\\node_modules\\bluebird\\js\\release\\async.js:15:14)\n    at runCallback (timers.js:705:18)"},"msg":"Something's wrong. Maybe you can find the solution here: \u001b[4mhttps://hexo.io/docs/troubleshooting.html\u001b[24m","time":"2020-05-07T09:34:32.053Z","v":0}
{"name":"hexo","hostname":"DESKTOP-M326N5G","pid":14340,"level":20,"msg":"Writing database to F:\\win10\\blog/db.json","time":"2020-05-07T09:36:38.336Z","v":0}
{"name":"hexo","hostname":"DESKTOP-M326N5G","pid":14340,"level":20,"msg":"Hexo version: \u001b[35m4.2.0\u001b[39m","time":"2020-05-07T09:36:38.366Z","v":0}
{"name":"hexo","hostname":"DESKTOP-M326N5G","pid":14340,"level":20,"msg":"Working directory: \u001b[35mF:\\win10\\blog\\\u001b[39m","time":"2020-05-07T09:36:38.368Z","v":0}
{"name":"hexo","hostname":"DESKTOP-M326N5G","pid":14340,"level":20,"msg":"Config loaded: \u001b[35mF:\\win10\\blog\\_config.yml\u001b[39m","time":"2020-05-07T09:36:38.654Z","v":0}
{"name":"hexo","hostname":"DESKTOP-M326N5G","pid":14340,"level":20,"msg":"Plugin loaded: \u001b[35mhexo-deployer-git\u001b[39m","time":"2020-05-07T09:36:38.740Z","v":0}
